{
  "0 debug pnpm:scope": {
    "selected": 1
  },
  "1 info pnpm": {
    "err": {
      "name": "Error",
      "message": "not found: instal",
      "code": "ENOENT",
      "stack": "Error: not found: instal\n    at getNotFoundError (/opt/homebrew/lib/node_modules/pnpm/dist/pnpm.cjs:41576:51)\n    at Function.whichSync [as sync] (/opt/homebrew/lib/node_modules/pnpm/dist/pnpm.cjs:41653:13)\n    at getCommandAbsolutePathSync (/opt/homebrew/lib/node_modules/pnpm/dist/pnpm.cjs:43218:44)\n    at default_1 (/opt/homebrew/lib/node_modules/pnpm/dist/pnpm.cjs:43227:32)\n    at /opt/homebrew/lib/node_modules/pnpm/dist/pnpm.cjs:178035:39"
    }
  },
  "2 error pnpm": {
    "code": "ERR_PNPM_RECURSIVE_EXEC_FIRST_FAIL",
    "prefix": "/Users/mohi/workspace/personal/website",
    "err": {
      "name": "pnpm",
      "message": "not found: instal",
      "code": "ERR_PNPM_RECURSIVE_EXEC_FIRST_FAIL",
      "stack": "Error: not found: instal\n    at getNotFoundError (/opt/homebrew/lib/node_modules/pnpm/dist/pnpm.cjs:41576:51)\n    at Function.whichSync [as sync] (/opt/homebrew/lib/node_modules/pnpm/dist/pnpm.cjs:41653:13)\n    at getCommandAbsolutePathSync (/opt/homebrew/lib/node_modules/pnpm/dist/pnpm.cjs:43218:44)\n    at default_1 (/opt/homebrew/lib/node_modules/pnpm/dist/pnpm.cjs:43227:32)\n    at /opt/homebrew/lib/node_modules/pnpm/dist/pnpm.cjs:178035:39"
    }
  }
}